TN:
SF:moviefinder.js
FN:4,getMoviesByTitle
FN:30,parseResponse
FNF:2
FNH:2
FNDA:3,getMoviesByTitle
FNDA:3,parseResponse
DA:1,1
DA:2,1
DA:3,1
DA:4,1
DA:5,3
DA:6,3
DA:7,3
DA:8,3
DA:9,3
DA:10,3
DA:11,3
DA:12,3
DA:13,3
DA:14,3
DA:15,3
DA:16,3
DA:17,3
DA:18,3
DA:19,3
DA:20,0
DA:21,0
DA:22,0
DA:23,0
DA:24,0
DA:25,3
DA:26,3
DA:27,3
DA:28,1
DA:29,1
DA:30,1
DA:31,3
DA:32,3
DA:33,1
DA:34,1
DA:35,3
DA:36,11
DA:37,11
DA:38,11
DA:39,11
DA:40,11
DA:41,11
DA:42,3
DA:43,3
DA:44,3
DA:45,3
DA:46,1
DA:47,1
LF:47
LH:42
BRDA:4,0,0,3
BRDA:19,1,0,0
BRDA:30,2,0,3
BRDA:32,3,0,1
BRDA:35,4,0,11
BRDA:39,5,0,0
BRF:6
BRH:4
end_of_record
